INFO :: movie.py :: 2019-03-04 12:27:33,053 :: ======================================================= 
Outputs:
--------
INFO :: movie.py :: 2019-03-04 12:27:33,054 :: The full data is present in dictionary form (key per channel) under `movie.stack`, and in stacked form under `movie.summed_mem`.
INFO :: movie.py :: 2019-03-04 12:27:33,054 :: Movie object created, analysis done.
WARNING :: binary_parser.py :: 2019-03-04 12:27:33,296 :: Illegal channels found in file. Encountered the following values: [0 3 7].
Trying to continue.
WARNING :: binary_parser.py :: 2019-03-04 12:27:33,304 :: Channels that were inserted in GUI don't match actual data channels recorded. 
The list files contains data in the following channels: {2}.
INFO :: binary_parser.py :: 2019-03-04 12:27:33,317 :: Sorted dataframe created. Starting to set the proper data channel distribution...
WARNING :: file_io.py :: 2019-03-04 12:27:34,030 :: At least one channel (001) contained recorded data but was marked as 'Empty'.
INFO :: read_lst.py :: 2019-03-04 12:27:34,030 :: Reading file "tests/tests_data/fly.lst"...
INFO :: read_lst.py :: 2019-03-04 12:27:34,395 :: File read. Sorting the file according to timepatch...
WARNING :: tabulation.py :: 2019-03-04 12:27:36,106 :: Channels that were inserted in GUI don't match actual data channels recorded. 
The list files contains data in the following channels: {int(val, 2) for val in actual_data_channels}.
INFO :: tabulation.py :: 2019-03-04 12:27:36,107 :: Sorted dataframe created. Starting to set the proper data channel distribution...
INFO :: allocation.py :: 2019-03-04 12:27:36,324 :: Channels of events found. Allocating photons to their frames and lines...
INFO :: allocation.py :: 2019-03-04 12:27:37,159 :: Relative times calculated. Creating Movie object...
INFO :: movie.py :: 2019-03-04 12:27:37,526 :: Saving full stack to disk...
INFO :: movie.py :: 2019-03-04 12:27:37,690 :: ======================================================= 
Outputs:
--------
INFO :: movie.py :: 2019-03-04 12:27:37,690 :: Stack file created with name "tests/tests_data/fly.hdf5", 
containing a data group named "Full Stack", with one dataset per channel.
INFO :: movie.py :: 2019-03-04 12:27:37,690 :: The full data is present in dictionary form (key per channel) under `movie.stack`, and in stacked form under `movie.summed_mem`.
INFO :: movie.py :: 2019-03-04 12:27:37,690 :: Summed stack file created with name "tests/tests_data/fly.hdf5", 
containing a data group named "Summed Stack", with one dataset per channel.
INFO :: movie.py :: 2019-03-04 12:27:37,690 :: Movie object created, analysis done.
INFO :: read_lst.py :: 2019-03-04 12:27:37,761 :: Reading file "tests/tests_data/jul.lst"...
INFO :: read_lst.py :: 2019-03-04 12:27:38,155 :: File read. Sorting the file according to timepatch...
INFO :: tabulation.py :: 2019-03-04 12:27:41,767 :: Sorted dataframe created. Starting to set the proper data channel distribution...
INFO :: allocation.py :: 2019-03-04 12:27:41,934 :: Channels of events found. Allocating photons to their frames and lines...
INFO :: allocation.py :: 2019-03-04 12:27:42,712 :: Relative times calculated. Creating Movie object...
INFO :: movie.py :: 2019-03-04 12:27:43,024 :: Saving full stack to disk...
INFO :: movie.py :: 2019-03-04 12:27:43,308 :: ======================================================= 
Outputs:
--------
INFO :: movie.py :: 2019-03-04 12:27:43,308 :: Stack file created with name "tests/tests_data/jul.hdf5", 
containing a data group named "Full Stack", with one dataset per channel.
INFO :: movie.py :: 2019-03-04 12:27:43,308 :: The full data is present in dictionary form (key per channel) under `movie.stack`, and in stacked form under `movie.summed_mem`.
INFO :: movie.py :: 2019-03-04 12:27:43,308 :: Summed stack file created with name "tests/tests_data/jul.hdf5", 
containing a data group named "Summed Stack", with one dataset per channel.
INFO :: movie.py :: 2019-03-04 12:27:43,308 :: Movie object created, analysis done.
INFO :: read_lst.py :: 2019-03-04 12:27:43,631 :: Reading file "tests/tests_data/tag.lst"...
INFO :: read_lst.py :: 2019-03-04 12:27:43,984 :: File read. Sorting the file according to timepatch...
INFO :: tabulation.py :: 2019-03-04 12:27:45,978 :: Sorted dataframe created. Starting to set the proper data channel distribution...
INFO :: allocation.py :: 2019-03-04 12:27:46,294 :: Channels of events found. Allocating photons to their frames and lines...
INFO :: allocation.py :: 2019-03-04 12:27:47,131 :: Interpolating TAG lens data...
INFO :: allocation.py :: 2019-03-04 12:27:47,432 :: TAG lens interpolation finished.
INFO :: allocation.py :: 2019-03-04 12:27:47,433 :: Relative times calculated. Creating Movie object...
INFO :: movie.py :: 2019-03-04 12:27:48,574 :: Saving full stack to disk...
INFO :: movie.py :: 2019-03-04 12:27:49,009 :: ======================================================= 
Outputs:
--------
INFO :: movie.py :: 2019-03-04 12:27:49,009 :: Stack file created with name "tests/tests_data/tag.hdf5", 
containing a data group named "Full Stack", with one dataset per channel.
INFO :: movie.py :: 2019-03-04 12:27:49,009 :: The full data is present in dictionary form (key per channel) under `movie.stack`, and in stacked form under `movie.summed_mem`.
INFO :: movie.py :: 2019-03-04 12:27:49,009 :: Summed stack file created with name "tests/tests_data/tag.hdf5", 
containing a data group named "Summed Stack", with one dataset per channel.
INFO :: movie.py :: 2019-03-04 12:27:49,009 :: Movie object created, analysis done.
INFO :: read_lst.py :: 2019-03-04 12:27:50,534 :: [DEBUG] Reading file "tests/tests_data/1.lst"...
INFO :: read_lst.py :: 2019-03-04 12:27:50,539 :: [DEBUG] Reading file "tests/tests_data/1.lst"...
INFO :: read_lst.py :: 2019-03-04 12:27:50,545 :: [DEBUG] Reading file "tests/tests_data/1.lst"...
INFO :: read_lst.py :: 2019-03-04 12:27:50,549 :: [DEBUG] Reading file "tests/tests_data/1.lst"...
