INFO :: movie.py :: 2019-02-19 17:32:32,722 :: ======================================================= 
Outputs:
--------
INFO :: movie.py :: 2019-02-19 17:32:32,722 :: The full data is present in dictionary form (key per channel) under `movie.stack`, and in stacked form under `movie.summed_mem`.
INFO :: movie.py :: 2019-02-19 17:32:32,722 :: Movie object created, analysis done.
WARNING :: binary_parser.py :: 2019-02-19 17:32:32,881 :: Illegal channels found in file. Encountered the following values: [0 3 7].
Trying to continue.
WARNING :: binary_parser.py :: 2019-02-19 17:32:32,884 :: Channels that were inserted in GUI don't match actual data channels recorded. 
The list files contains data in the following channels: {2}.
INFO :: binary_parser.py :: 2019-02-19 17:32:32,889 :: Sorted dataframe created. Starting to set the proper data channel distribution...
INFO :: read_lst.py :: 2019-02-19 17:32:35,848 :: Reading file "tests/tests_data/fly.lst"...
INFO :: read_lst.py :: 2019-02-19 17:32:36,028 :: File read. Sorting the file according to timepatch...
INFO :: tabulation.py :: 2019-02-19 17:32:37,362 :: Sorted dataframe created. Starting to set the proper data channel distribution...
INFO :: allocation.py :: 2019-02-19 17:32:37,867 :: Channels of events found. Allocating photons to their frames and lines...
INFO :: allocation.py :: 2019-02-19 17:32:39,042 :: Relative times calculated. Creating Movie object...
INFO :: movie.py :: 2019-02-19 17:32:39,598 :: ======================================================= 
Outputs:
--------
INFO :: movie.py :: 2019-02-19 17:32:39,599 :: The full data is present in dictionary form (key per channel) under `movie.stack`, and in stacked form under `movie.summed_mem`.
INFO :: movie.py :: 2019-02-19 17:32:39,599 :: Movie object created, analysis done.
INFO :: read_lst.py :: 2019-02-19 17:32:40,545 :: Reading file "tests/tests_data/jul.lst"...
INFO :: read_lst.py :: 2019-02-19 17:32:40,679 :: File read. Sorting the file according to timepatch...
INFO :: tabulation.py :: 2019-02-19 17:32:43,021 :: Sorted dataframe created. Starting to set the proper data channel distribution...
INFO :: allocation.py :: 2019-02-19 17:32:43,344 :: Channels of events found. Allocating photons to their frames and lines...
INFO :: allocation.py :: 2019-02-19 17:32:45,156 :: Relative times calculated. Creating Movie object...
INFO :: movie.py :: 2019-02-19 17:32:45,503 :: ======================================================= 
Outputs:
--------
INFO :: movie.py :: 2019-02-19 17:32:45,504 :: The full data is present in dictionary form (key per channel) under `movie.stack`, and in stacked form under `movie.summed_mem`.
INFO :: movie.py :: 2019-02-19 17:32:45,504 :: Movie object created, analysis done.
INFO :: read_lst.py :: 2019-02-19 17:32:46,458 :: Reading file "tests/tests_data/tag.lst"...
INFO :: read_lst.py :: 2019-02-19 17:32:46,641 :: File read. Sorting the file according to timepatch...
INFO :: tabulation.py :: 2019-02-19 17:32:48,037 :: Sorted dataframe created. Starting to set the proper data channel distribution...
INFO :: allocation.py :: 2019-02-19 17:32:48,689 :: Channels of events found. Allocating photons to their frames and lines...
INFO :: allocation.py :: 2019-02-19 17:32:50,111 :: Interpolating TAG lens data...
INFO :: allocation.py :: 2019-02-19 17:32:50,653 :: TAG lens interpolation finished.
INFO :: allocation.py :: 2019-02-19 17:32:50,655 :: Relative times calculated. Creating Movie object...
INFO :: movie.py :: 2019-02-19 17:32:51,675 :: ======================================================= 
Outputs:
--------
INFO :: movie.py :: 2019-02-19 17:32:51,675 :: The full data is present in dictionary form (key per channel) under `movie.stack`, and in stacked form under `movie.summed_mem`.
INFO :: movie.py :: 2019-02-19 17:32:51,675 :: Movie object created, analysis done.
INFO :: read_lst.py :: 2019-02-19 17:32:52,822 :: [DEBUG] Reading file "tests/tests_data/1.lst"...
INFO :: read_lst.py :: 2019-02-19 17:32:52,825 :: [DEBUG] Reading file "tests/tests_data/1.lst"...
INFO :: read_lst.py :: 2019-02-19 17:32:52,827 :: [DEBUG] Reading file "tests/tests_data/1.lst"...
INFO :: read_lst.py :: 2019-02-19 17:32:52,829 :: [DEBUG] Reading file "tests/tests_data/1.lst"...
